This file contains any messages produced by compilers while
running configure, to aid debugging if configure makes a mistake.

It was created by Judy configure 1.0.0, which was
generated by GNU Autoconf 2.59.  Invocation command line was

  $ ./configure --enable-64-bit

## --------- ##
## Platform. ##
## --------- ##

hostname = macbook-pro
uname -m = x86_64
uname -r = 12.5.0
uname -s = Darwin
uname -v = Darwin Kernel Version 12.5.0: Mon Jul 29 16:33:49 PDT 2013; root:xnu-2050.48.11~1/RELEASE_X86_64

/usr/bin/uname -p = i386
/bin/uname -X     = unknown

/bin/arch              = unknown
/usr/bin/arch -k       = unknown
/usr/convex/getsysinfo = unknown
hostinfo               = Mach kernel version:
	 Darwin Kernel Version 12.5.0: Mon Jul 29 16:33:49 PDT 2013; root:xnu-2050.48.11~1/RELEASE_X86_64
Kernel configured for up to 4 processors.
2 processors are physically available.
4 processors are logically available.
Processor type: i486 (Intel 80486)
Processors active: 0 1 2 3
Primary memory available: 8.00 gigabytes
Default processor set: 145 tasks, 659 threads, 4 processors
Load average: 1.01, Mach factor: 2.97
/bin/machine           = unknown
/usr/bin/oslevel       = unknown
/bin/universe          = unknown

PATH: /Users/Jonathan/narwhal/bin
PATH: /Library/Frameworks/Python.framework/Versions/Current/bin
PATH: /usr/bin
PATH: /bin
PATH: /usr/sbin
PATH: /sbin
PATH: /usr/local/bin
PATH: /opt/X11/bin


## ----------- ##
## Core tests. ##
## ----------- ##

configure:1519: checking whether to enable maintainer-specific portions of Makefiles
configure:1528: result: no
configure:1583: checking for a BSD-compatible install
configure:1638: result: /usr/bin/install -c
configure:1649: checking whether build environment is sane
configure:1692: result: yes
configure:1757: checking for gawk
configure:1786: result: no
configure:1757: checking for mawk
configure:1786: result: no
configure:1757: checking for nawk
configure:1786: result: no
configure:1757: checking for awk
configure:1773: found /usr/bin/awk
configure:1783: result: awk
configure:1793: checking whether make sets $(MAKE)
configure:1813: result: yes
configure:1990: checking which flavor to build
configure:2033: result: product
configure:2083: checking for gcc
configure:2099: found /usr/bin/gcc
configure:2109: result: gcc
configure:2353: checking for C compiler version
configure:2356: gcc --version </dev/null >&5
Configured with: --prefix=/Applications/Xcode.app/Contents/Developer/usr --with-gxx-include-dir=/usr/include/c++/4.2.1
Apple LLVM version 5.0 (clang-500.2.76) (based on LLVM 3.3svn)
Target: x86_64-apple-darwin12.5.0
Thread model: posix
configure:2359: $? = 0
configure:2361: gcc -v </dev/null >&5
Configured with: --prefix=/Applications/Xcode.app/Contents/Developer/usr --with-gxx-include-dir=/usr/include/c++/4.2.1
Apple LLVM version 5.0 (clang-500.2.76) (based on LLVM 3.3svn)
Target: x86_64-apple-darwin12.5.0
Thread model: posix
configure:2364: $? = 0
configure:2366: gcc -V </dev/null >&5
clang: error: argument to '-V' is missing (expected 1 value)
clang: error: no input files
configure:2369: $? = 1
configure:2392: checking for C compiler default output file name
configure:2395: gcc    conftest.c  >&5
configure:2398: $? = 0
configure:2444: result: a.out
configure:2449: checking whether the C compiler works
configure:2455: ./a.out
configure:2458: $? = 0
configure:2475: result: yes
configure:2482: checking whether we are cross compiling
configure:2484: result: no
configure:2487: checking for suffix of executables
configure:2489: gcc -o conftest    conftest.c  >&5
configure:2492: $? = 0
configure:2517: result: 
configure:2523: checking for suffix of object files
configure:2544: gcc -c   conftest.c >&5
configure:2547: $? = 0
configure:2569: result: o
configure:2573: checking whether we are using the GNU C compiler
configure:2597: gcc -c   conftest.c >&5
configure:2603: $? = 0
configure:2606: test -z 			 || test ! -s conftest.err
configure:2609: $? = 0
configure:2612: test -s conftest.o
configure:2615: $? = 0
configure:2628: result: yes
configure:2634: checking whether gcc accepts -g
configure:2655: gcc -c -g  conftest.c >&5
configure:2661: $? = 0
configure:2664: test -z 			 || test ! -s conftest.err
configure:2667: $? = 0
configure:2670: test -s conftest.o
configure:2673: $? = 0
configure:2684: result: yes
configure:2701: checking for gcc option to accept ANSI C
configure:2771: gcc  -c -g -O2  conftest.c >&5
configure:2777: $? = 0
configure:2780: test -z 			 || test ! -s conftest.err
configure:2783: $? = 0
configure:2786: test -s conftest.o
configure:2789: $? = 0
configure:2807: result: none needed
configure:2825: gcc -c -g -O2  conftest.c >&5
conftest.c:2:3: error: unknown type name 'choke'
  choke me
  ^
conftest.c:2:11: error: expected ';' after top level declarator
  choke me
          ^
          ;
2 errors generated.
configure:2831: $? = 1
configure: failed program was:
| #ifndef __cplusplus
|   choke me
| #endif
configure:2972: checking for style of include used by make
configure:3000: result: GNU
configure:3028: checking dependency style of gcc
configure:3118: result: gcc3
configure:3140: checking how to run the C preprocessor
configure:3175: gcc -E  conftest.c
configure:3181: $? = 0
configure:3213: gcc -E  conftest.c
conftest.c:11:10: fatal error: 'ac_nonexistent.h' file not found
#include <ac_nonexistent.h>
         ^
1 error generated.
configure:3219: $? = 1
configure: failed program was:
| /* confdefs.h.  */
| 
| #define PACKAGE_NAME "Judy"
| #define PACKAGE_TARNAME "judy"
| #define PACKAGE_VERSION "1.0.0"
| #define PACKAGE_STRING "Judy 1.0.0"
| #define PACKAGE_BUGREPORT "doug@sourcejudy.com"
| #define PACKAGE "Judy"
| #define VERSION "1.0.0"
| /* end confdefs.h.  */
| #include <ac_nonexistent.h>
configure:3258: result: gcc -E
configure:3282: gcc -E  conftest.c
configure:3288: $? = 0
configure:3320: gcc -E  conftest.c
conftest.c:11:10: fatal error: 'ac_nonexistent.h' file not found
#include <ac_nonexistent.h>
         ^
1 error generated.
configure:3326: $? = 1
configure: failed program was:
| /* confdefs.h.  */
| 
| #define PACKAGE_NAME "Judy"
| #define PACKAGE_TARNAME "judy"
| #define PACKAGE_VERSION "1.0.0"
| #define PACKAGE_STRING "Judy 1.0.0"
| #define PACKAGE_BUGREPORT "doug@sourcejudy.com"
| #define PACKAGE "Judy"
| #define VERSION "1.0.0"
| /* end confdefs.h.  */
| #include <ac_nonexistent.h>
configure:3382: checking for a BSD-compatible install
configure:3437: result: /usr/bin/install -c
configure:3448: checking whether ln -s works
configure:3452: result: yes
configure:3459: checking whether make sets $(MAKE)
configure:3479: result: yes
configure:3491: checking for egrep
configure:3501: result: grep -E
configure:3506: checking for ANSI C header files
configure:3531: gcc -c -g -O2  conftest.c >&5
configure:3537: $? = 0
configure:3540: test -z 			 || test ! -s conftest.err
configure:3543: $? = 0
configure:3546: test -s conftest.o
configure:3549: $? = 0
configure:3638: gcc -o conftest -g -O2   conftest.c  >&5
conftest.c:28:7: warning: implicitly declaring library function 'exit' with type 'void (int) __attribute__((noreturn))'
      exit(2);
      ^
conftest.c:28:7: note: please include the header <stdlib.h> or explicitly provide a declaration for 'exit'
1 warning generated.
configure:3641: $? = 0
configure:3643: ./conftest
configure:3646: $? = 0
configure:3661: result: yes
configure:3685: checking for sys/types.h
configure:3701: gcc -c -g -O2  conftest.c >&5
configure:3707: $? = 0
configure:3710: test -z 			 || test ! -s conftest.err
configure:3713: $? = 0
configure:3716: test -s conftest.o
configure:3719: $? = 0
configure:3730: result: yes
configure:3685: checking for sys/stat.h
configure:3701: gcc -c -g -O2  conftest.c >&5
configure:3707: $? = 0
configure:3710: test -z 			 || test ! -s conftest.err
configure:3713: $? = 0
configure:3716: test -s conftest.o
configure:3719: $? = 0
configure:3730: result: yes

## ---------------- ##
## Cache variables. ##
## ---------------- ##

ac_cv_c_compiler_gnu=yes
ac_cv_env_CC_set=
ac_cv_env_CC_value=
ac_cv_env_CFLAGS_set=
ac_cv_env_CFLAGS_value=
ac_cv_env_CPPFLAGS_set=
ac_cv_env_CPPFLAGS_value=
ac_cv_env_CPP_set=
ac_cv_env_CPP_value=
ac_cv_env_CXXCPP_set=
ac_cv_env_CXXCPP_value=
ac_cv_env_CXXFLAGS_set=
ac_cv_env_CXXFLAGS_value=
ac_cv_env_CXX_set=
ac_cv_env_CXX_value=
ac_cv_env_F77_set=
ac_cv_env_F77_value=
ac_cv_env_FFLAGS_set=
ac_cv_env_FFLAGS_value=
ac_cv_env_LDFLAGS_set=
ac_cv_env_LDFLAGS_value=
ac_cv_env_build_alias_set=
ac_cv_env_build_alias_value=
ac_cv_env_host_alias_set=
ac_cv_env_host_alias_value=
ac_cv_env_target_alias_set=
ac_cv_env_target_alias_value=
ac_cv_exeext=
ac_cv_header_stdc=yes
ac_cv_header_sys_stat_h=yes
ac_cv_header_sys_types_h=yes
ac_cv_objext=o
ac_cv_path_install='/usr/bin/install -c'
ac_cv_prog_AWK=awk
ac_cv_prog_CPP='gcc -E'
ac_cv_prog_ac_ct_CC=gcc
ac_cv_prog_cc_g=yes
ac_cv_prog_cc_stdc=
ac_cv_prog_egrep='grep -E'
ac_cv_prog_make_make_set=yes
am_cv_CC_dependencies_compiler_type=gcc3

## ----------------- ##
## Output variables. ##
## ----------------- ##

ACLOCAL='${SHELL} /Users/Jonathan/Documents/Thesaurus/Development/xcode/Dubrovnik/Framework/XCode/Judy/missing --run aclocal-1.9'
AMDEPBACKSLASH='\'
AMDEP_FALSE='#'
AMDEP_TRUE=''
AMTAR='${SHELL} /Users/Jonathan/Documents/Thesaurus/Development/xcode/Dubrovnik/Framework/XCode/Judy/missing --run tar'
AR=''
AUTOCONF='${SHELL} /Users/Jonathan/Documents/Thesaurus/Development/xcode/Dubrovnik/Framework/XCode/Judy/missing --run autoconf'
AUTOHEADER='${SHELL} /Users/Jonathan/Documents/Thesaurus/Development/xcode/Dubrovnik/Framework/XCode/Judy/missing --run autoheader'
AUTOMAKE='${SHELL} /Users/Jonathan/Documents/Thesaurus/Development/xcode/Dubrovnik/Framework/XCode/Judy/missing --run automake-1.9'
AWK='awk'
CC='gcc'
CCDEPMODE='depmode=gcc3'
CFLAGS='-g -O2'
CPP='gcc -E'
CPPFLAGS=''
CXX=''
CXXCPP=''
CXXDEPMODE=''
CXXFLAGS=''
CYGPATH_W='echo'
DEFS=''
DEPDIR='.deps'
ECHO='/bin/echo'
ECHO_C='ECHO_N=''
ECHO_T=''
EGREP='grep -E'
EXEEXT=''
F77=''
FFLAGS=''
FLAVOR='product'
INSTALL_DATA='${INSTALL} -m 644'
INSTALL_PROGRAM='${INSTALL}'
INSTALL_SCRIPT='${INSTALL}'
INSTALL_STRIP_PROGRAM='${SHELL} $(install_sh) -c -s'
LD=''
LDFLAGS=''
LIBOBJS=''
LIBS=''
LIBTOOL=''
LN_S='ln -s'
LTLIBOBJS=''
MAINT='#'
MAINTAINER_MODE_FALSE=''
MAINTAINER_MODE_TRUE='#'
MAKEINFO='${SHELL} /Users/Jonathan/Documents/Thesaurus/Development/xcode/Dubrovnik/Framework/XCode/Judy/missing --run makeinfo'
OBJEXT='o'
PACKAGE='Judy'
PACKAGE_BUGREPORT='doug@sourcejudy.com'
PACKAGE_NAME='Judy'
PACKAGE_STRING='Judy 1.0.0'
PACKAGE_TARNAME='judy'
PACKAGE_VERSION='1.0.0'
PATH_SEPARATOR=':'
RANLIB=''
SET_MAKE=''
SHELL='/bin/sh'
STRIP=''
VERSION='1.0.0'
VERSION_INFO='-version-info 1:1:0'
WARN_CFLAGS=''
ac_ct_AR=''
ac_ct_CC='gcc'
ac_ct_CXX=''
ac_ct_F77=''
ac_ct_LD=''
ac_ct_RANLIB=''
ac_ct_STRIP=''
am__fastdepCC_FALSE='#'
am__fastdepCC_TRUE=''
am__fastdepCXX_FALSE=''
am__fastdepCXX_TRUE=''
am__include='include'
am__leading_dot='.'
am__quote=''
am__tar='${AMTAR} chof - "$$tardir"'
am__untar='${AMTAR} xf -'
bindir='${exec_prefix}/bin'
build=''
build_alias=''
build_cpu=''
build_os=''
build_vendor=''
datadir='${prefix}/share'
exec_prefix='NONE'
host=''
host_alias=''
host_cpu=''
host_os=''
host_vendor=''
includedir='${prefix}/include'
infodir='${prefix}/info'
install_sh='/Users/Jonathan/Documents/Thesaurus/Development/xcode/Dubrovnik/Framework/XCode/Judy/install-sh'
libdir='${exec_prefix}/lib'
libexecdir='${exec_prefix}/libexec'
localstatedir='${prefix}/var'
mandir='${prefix}/man'
mkdir_p='$(install_sh) -d'
oldincludedir='/usr/include'
prefix='NONE'
program_transform_name='s,x,x,'
sbindir='${exec_prefix}/sbin'
sharedstatedir='${prefix}/com'
sysconfdir='${prefix}/etc'
target_alias=''

## ----------- ##
## confdefs.h. ##
## ----------- ##

#define HAVE_SYS_TYPES_H 1
#define PACKAGE "Judy"
#define PACKAGE_BUGREPORT "doug@sourcejudy.com"
#define PACKAGE_NAME "Judy"
#define PACKAGE_STRING "Judy 1.0.0"
#define PACKAGE_TARNAME "judy"
#define PACKAGE_VERSION "1.0.0"
#define STDC_HEADERS 1
#define VERSION "1.0.0"

configure: caught signal 2
configure: exit 1
